
2020-11-22 16:21:46.9197||DEBUG|MedicalBillingApi.Program|init main |url: |action: 

2020-11-22 16:21:50.8343|30000|WARN|Microsoft.EntityFrameworkCore.Model.Validation|No type was specified for the decimal column 'Quantity' on entity type 'DrugStore'. This will cause values to be silently truncated if they do not fit in the default precision and scale. Explicitly specify the SQL server column type that can accommodate all the values using 'HasColumnType()'. |url: |action: 

2020-11-22 16:21:50.8530|30000|WARN|Microsoft.EntityFrameworkCore.Model.Validation|No type was specified for the decimal column 'ItemPrice' on entity type 'InvoiceItem'. This will cause values to be silently truncated if they do not fit in the default precision and scale. Explicitly specify the SQL server column type that can accommodate all the values using 'HasColumnType()'. |url: |action: 

2020-11-22 16:21:50.8530|30000|WARN|Microsoft.EntityFrameworkCore.Model.Validation|No type was specified for the decimal column 'Quantity' on entity type 'InvoiceItem'. This will cause values to be silently truncated if they do not fit in the default precision and scale. Explicitly specify the SQL server column type that can accommodate all the values using 'HasColumnType()'. |url: |action: 

2020-11-22 16:21:50.8530|30000|WARN|Microsoft.EntityFrameworkCore.Model.Validation|No type was specified for the decimal column 'AmountPaid' on entity type 'Receipt'. This will cause values to be silently truncated if they do not fit in the default precision and scale. Explicitly specify the SQL server column type that can accommodate all the values using 'HasColumnType()'. |url: |action: 

2020-11-22 16:22:05.2830||ERROR|MedicalBillingApi.Extensions.MigrationManager|An error occurred while migrating the database. System.InvalidOperationException: No database provider has been configured for this DbContext. A provider can be configured by overriding the DbContext.OnConfiguring method or by using AddDbContext on the application service provider. If AddDbContext is used, then also ensure that your DbContext type accepts a DbContextOptions<TContext> object in its constructor and passes it to the base constructor for DbContext.
   at Microsoft.EntityFrameworkCore.Internal.DbContextServices.Initialize(IServiceProvider scopedProvider, IDbContextOptions contextOptions, DbContext context)
   at Microsoft.EntityFrameworkCore.DbContext.get_InternalServiceProvider()
   at Microsoft.EntityFrameworkCore.DbContext.get_DbContextDependencies()
   at Microsoft.EntityFrameworkCore.DbContext.get_Model()
   at Microsoft.EntityFrameworkCore.Internal.InternalDbSet`1.get_EntityType()
   at Microsoft.EntityFrameworkCore.Internal.InternalDbSet`1.CheckState()
   at Microsoft.EntityFrameworkCore.Internal.InternalDbSet`1.get_EntityQueryable()
   at Microsoft.EntityFrameworkCore.Internal.InternalDbSet`1.System.Linq.IQueryable.get_Provider()
   at System.Linq.Queryable.Any[TSource](IQueryable`1 source, Expression`1 predicate)
   at MedicalBillingApi.Entities.DataInitializer.UserAndRoleDataInitializer.SeedUsers(UserManager`1 userManager) in C:\Users\nwach\source\repos\MedicalBillingApi\MedicalBillingApi\Entities\DataInitializer.cs:line 22
   at MedicalBillingApi.Entities.DataInitializer.UserAndRoleDataInitializer.SeedData(UserManager`1 userManager, RoleManager`1 roleManager) in C:\Users\nwach\source\repos\MedicalBillingApi\MedicalBillingApi\Entities\DataInitializer.cs:line 16
   at MedicalBillingApi.Extensions.MigrationManager.MigrateDatabase(IWebHost webHost) in C:\Users\nwach\source\repos\MedicalBillingApi\MedicalBillingApi\Extensions\MigrationManager.cs:line 30|url: |action: 

2020-11-22 16:23:00.9386||DEBUG|MedicalBillingApi.Program|init main |url: |action: 

2020-11-22 16:23:04.5580|30000|WARN|Microsoft.EntityFrameworkCore.Model.Validation|No type was specified for the decimal column 'Quantity' on entity type 'DrugStore'. This will cause values to be silently truncated if they do not fit in the default precision and scale. Explicitly specify the SQL server column type that can accommodate all the values using 'HasColumnType()'. |url: |action: 

2020-11-22 16:23:04.5935|30000|WARN|Microsoft.EntityFrameworkCore.Model.Validation|No type was specified for the decimal column 'ItemPrice' on entity type 'InvoiceItem'. This will cause values to be silently truncated if they do not fit in the default precision and scale. Explicitly specify the SQL server column type that can accommodate all the values using 'HasColumnType()'. |url: |action: 

2020-11-22 16:23:04.5935|30000|WARN|Microsoft.EntityFrameworkCore.Model.Validation|No type was specified for the decimal column 'Quantity' on entity type 'InvoiceItem'. This will cause values to be silently truncated if they do not fit in the default precision and scale. Explicitly specify the SQL server column type that can accommodate all the values using 'HasColumnType()'. |url: |action: 

2020-11-22 16:23:04.6015|30000|WARN|Microsoft.EntityFrameworkCore.Model.Validation|No type was specified for the decimal column 'AmountPaid' on entity type 'Receipt'. This will cause values to be silently truncated if they do not fit in the default precision and scale. Explicitly specify the SQL server column type that can accommodate all the values using 'HasColumnType()'. |url: |action: 

2020-11-22 16:23:06.6283||ERROR|MedicalBillingApi.Extensions.MigrationManager|An error occurred while migrating the database. System.InvalidOperationException: No database provider has been configured for this DbContext. A provider can be configured by overriding the DbContext.OnConfiguring method or by using AddDbContext on the application service provider. If AddDbContext is used, then also ensure that your DbContext type accepts a DbContextOptions<TContext> object in its constructor and passes it to the base constructor for DbContext.
   at Microsoft.EntityFrameworkCore.Internal.DbContextServices.Initialize(IServiceProvider scopedProvider, IDbContextOptions contextOptions, DbContext context)
   at Microsoft.EntityFrameworkCore.DbContext.get_InternalServiceProvider()
   at Microsoft.EntityFrameworkCore.DbContext.get_DbContextDependencies()
   at Microsoft.EntityFrameworkCore.DbContext.get_Model()
   at Microsoft.EntityFrameworkCore.Internal.InternalDbSet`1.get_EntityType()
   at Microsoft.EntityFrameworkCore.Internal.InternalDbSet`1.CheckState()
   at Microsoft.EntityFrameworkCore.Internal.InternalDbSet`1.get_EntityQueryable()
   at Microsoft.EntityFrameworkCore.Internal.InternalDbSet`1.System.Linq.IQueryable.get_Provider()
   at System.Linq.Queryable.Any[TSource](IQueryable`1 source, Expression`1 predicate)
   at MedicalBillingApi.Entities.DataInitializer.UserAndRoleDataInitializer.SeedUsers(UserManager`1 userManager) in C:\Users\nwach\source\repos\MedicalBillingApi\MedicalBillingApi\Entities\DataInitializer.cs:line 22
   at MedicalBillingApi.Entities.DataInitializer.UserAndRoleDataInitializer.SeedData(UserManager`1 userManager, RoleManager`1 roleManager) in C:\Users\nwach\source\repos\MedicalBillingApi\MedicalBillingApi\Entities\DataInitializer.cs:line 16
   at MedicalBillingApi.Extensions.MigrationManager.MigrateDatabase(IWebHost webHost) in C:\Users\nwach\source\repos\MedicalBillingApi\MedicalBillingApi\Extensions\MigrationManager.cs:line 30|url: |action: 

2020-11-22 16:23:06.9810|6|FATAL|Microsoft.AspNetCore.Hosting.WebHost|Application startup exception System.InvalidOperationException: Unable to resolve service for type 'Microsoft.AspNetCore.ResponseCompression.IResponseCompressionProvider' while attempting to activate 'Microsoft.AspNetCore.ResponseCompression.ResponseCompressionMiddleware'.
   at Microsoft.Extensions.Internal.ActivatorUtilities.ConstructorMatcher.CreateInstance(IServiceProvider provider)
   at Microsoft.Extensions.Internal.ActivatorUtilities.CreateInstance(IServiceProvider provider, Type instanceType, Object[] parameters)
   at Microsoft.AspNetCore.Builder.UseMiddlewareExtensions.<>c__DisplayClass4_0.<UseMiddleware>b__0(RequestDelegate next)
   at Microsoft.AspNetCore.Builder.ApplicationBuilder.Build()
   at Microsoft.AspNetCore.Hosting.WebHost.BuildApplication()|url: |action: 

2020-11-22 16:23:07.0305||ERROR|MedicalBillingApi.Program|Stopped program because of exception System.InvalidOperationException: Unable to resolve service for type 'Microsoft.AspNetCore.ResponseCompression.IResponseCompressionProvider' while attempting to activate 'Microsoft.AspNetCore.ResponseCompression.ResponseCompressionMiddleware'.
   at Microsoft.Extensions.Internal.ActivatorUtilities.ConstructorMatcher.CreateInstance(IServiceProvider provider)
   at Microsoft.Extensions.Internal.ActivatorUtilities.CreateInstance(IServiceProvider provider, Type instanceType, Object[] parameters)
   at Microsoft.AspNetCore.Builder.UseMiddlewareExtensions.<>c__DisplayClass4_0.<UseMiddleware>b__0(RequestDelegate next)
   at Microsoft.AspNetCore.Builder.ApplicationBuilder.Build()
   at Microsoft.AspNetCore.Hosting.WebHost.BuildApplication()
   at Microsoft.AspNetCore.Hosting.WebHost.StartAsync(CancellationToken cancellationToken)
   at Microsoft.AspNetCore.Hosting.WebHostExtensions.RunAsync(IWebHost host, CancellationToken token, String startupMessage)
   at Microsoft.AspNetCore.Hosting.WebHostExtensions.RunAsync(IWebHost host, CancellationToken token, String startupMessage)
   at Microsoft.AspNetCore.Hosting.WebHostExtensions.RunAsync(IWebHost host, CancellationToken token)
   at Microsoft.AspNetCore.Hosting.WebHostExtensions.Run(IWebHost host)
   at MedicalBillingApi.Program.Main(String[] args) in C:\Users\nwach\source\repos\MedicalBillingApi\MedicalBillingApi\Program.cs:line 23|url: |action: 

2020-11-22 16:23:51.2989||DEBUG|MedicalBillingApi.Program|init main |url: |action: 

2020-11-22 16:23:54.3592|30000|WARN|Microsoft.EntityFrameworkCore.Model.Validation|No type was specified for the decimal column 'Quantity' on entity type 'DrugStore'. This will cause values to be silently truncated if they do not fit in the default precision and scale. Explicitly specify the SQL server column type that can accommodate all the values using 'HasColumnType()'. |url: |action: 

2020-11-22 16:23:54.3868|30000|WARN|Microsoft.EntityFrameworkCore.Model.Validation|No type was specified for the decimal column 'ItemPrice' on entity type 'InvoiceItem'. This will cause values to be silently truncated if they do not fit in the default precision and scale. Explicitly specify the SQL server column type that can accommodate all the values using 'HasColumnType()'. |url: |action: 

2020-11-22 16:23:54.3868|30000|WARN|Microsoft.EntityFrameworkCore.Model.Validation|No type was specified for the decimal column 'Quantity' on entity type 'InvoiceItem'. This will cause values to be silently truncated if they do not fit in the default precision and scale. Explicitly specify the SQL server column type that can accommodate all the values using 'HasColumnType()'. |url: |action: 

2020-11-22 16:23:54.3868|30000|WARN|Microsoft.EntityFrameworkCore.Model.Validation|No type was specified for the decimal column 'AmountPaid' on entity type 'Receipt'. This will cause values to be silently truncated if they do not fit in the default precision and scale. Explicitly specify the SQL server column type that can accommodate all the values using 'HasColumnType()'. |url: |action: 

2020-11-22 16:23:56.4919||ERROR|MedicalBillingApi.Extensions.MigrationManager|An error occurred while migrating the database. System.InvalidOperationException: No database provider has been configured for this DbContext. A provider can be configured by overriding the DbContext.OnConfiguring method or by using AddDbContext on the application service provider. If AddDbContext is used, then also ensure that your DbContext type accepts a DbContextOptions<TContext> object in its constructor and passes it to the base constructor for DbContext.
   at Microsoft.EntityFrameworkCore.Internal.DbContextServices.Initialize(IServiceProvider scopedProvider, IDbContextOptions contextOptions, DbContext context)
   at Microsoft.EntityFrameworkCore.DbContext.get_InternalServiceProvider()
   at Microsoft.EntityFrameworkCore.DbContext.get_DbContextDependencies()
   at Microsoft.EntityFrameworkCore.DbContext.get_Model()
   at Microsoft.EntityFrameworkCore.Internal.InternalDbSet`1.get_EntityType()
   at Microsoft.EntityFrameworkCore.Internal.InternalDbSet`1.CheckState()
   at Microsoft.EntityFrameworkCore.Internal.InternalDbSet`1.get_EntityQueryable()
   at Microsoft.EntityFrameworkCore.Internal.InternalDbSet`1.System.Linq.IQueryable.get_Provider()
   at System.Linq.Queryable.Any[TSource](IQueryable`1 source, Expression`1 predicate)
   at MedicalBillingApi.Entities.DataInitializer.UserAndRoleDataInitializer.SeedUsers(UserManager`1 userManager) in C:\Users\nwach\source\repos\MedicalBillingApi\MedicalBillingApi\Entities\DataInitializer.cs:line 22
   at MedicalBillingApi.Entities.DataInitializer.UserAndRoleDataInitializer.SeedData(UserManager`1 userManager, RoleManager`1 roleManager) in C:\Users\nwach\source\repos\MedicalBillingApi\MedicalBillingApi\Entities\DataInitializer.cs:line 16
   at MedicalBillingApi.Extensions.MigrationManager.MigrateDatabase(IWebHost webHost) in C:\Users\nwach\source\repos\MedicalBillingApi\MedicalBillingApi\Extensions\MigrationManager.cs:line 30|url: |action: 

2020-11-22 16:36:25.9006||DEBUG|MedicalBillingApi.Program|init main |url: |action: 

2020-11-22 16:36:28.1054|30000|WARN|Microsoft.EntityFrameworkCore.Model.Validation|No type was specified for the decimal column 'Quantity' on entity type 'DrugStore'. This will cause values to be silently truncated if they do not fit in the default precision and scale. Explicitly specify the SQL server column type that can accommodate all the values using 'HasColumnType()'. |url: |action: 

2020-11-22 16:36:28.1224|30000|WARN|Microsoft.EntityFrameworkCore.Model.Validation|No type was specified for the decimal column 'ItemPrice' on entity type 'InvoiceItem'. This will cause values to be silently truncated if they do not fit in the default precision and scale. Explicitly specify the SQL server column type that can accommodate all the values using 'HasColumnType()'. |url: |action: 

2020-11-22 16:36:28.1224|30000|WARN|Microsoft.EntityFrameworkCore.Model.Validation|No type was specified for the decimal column 'Quantity' on entity type 'InvoiceItem'. This will cause values to be silently truncated if they do not fit in the default precision and scale. Explicitly specify the SQL server column type that can accommodate all the values using 'HasColumnType()'. |url: |action: 

2020-11-22 16:36:28.1224|30000|WARN|Microsoft.EntityFrameworkCore.Model.Validation|No type was specified for the decimal column 'AmountPaid' on entity type 'Receipt'. This will cause values to be silently truncated if they do not fit in the default precision and scale. Explicitly specify the SQL server column type that can accommodate all the values using 'HasColumnType()'. |url: |action: 

2020-11-22 16:36:31.5546||DEBUG|MedicalBillingApi.Extensions.MigrationManager|Migration applied sucessfully |url: |action: 

2020-11-22 16:38:07.5093||WARN|Microsoft.AspNetCore.Identity.UserManager|Invalid password for user 29e971be-2178-42e4-b5f9-53ad72f04a07. |url: https://localhost/api/Auth/login|action: Post

2020-11-22 17:10:20.8277|30000|WARN|Microsoft.EntityFrameworkCore.Model.Validation|No type was specified for the decimal column 'Quantity' on entity type 'DrugStore'. This will cause values to be silently truncated if they do not fit in the default precision and scale. Explicitly specify the SQL server column type that can accommodate all the values using 'HasColumnType()'. |url: |action: 

2020-11-22 17:10:20.8728|30000|WARN|Microsoft.EntityFrameworkCore.Model.Validation|No type was specified for the decimal column 'ItemPrice' on entity type 'InvoiceItem'. This will cause values to be silently truncated if they do not fit in the default precision and scale. Explicitly specify the SQL server column type that can accommodate all the values using 'HasColumnType()'. |url: |action: 

2020-11-22 17:10:20.8728|30000|WARN|Microsoft.EntityFrameworkCore.Model.Validation|No type was specified for the decimal column 'Quantity' on entity type 'InvoiceItem'. This will cause values to be silently truncated if they do not fit in the default precision and scale. Explicitly specify the SQL server column type that can accommodate all the values using 'HasColumnType()'. |url: |action: 

2020-11-22 17:10:20.8728|30000|WARN|Microsoft.EntityFrameworkCore.Model.Validation|No type was specified for the decimal column 'AmountPaid' on entity type 'Receipt'. This will cause values to be silently truncated if they do not fit in the default precision and scale. Explicitly specify the SQL server column type that can accommodate all the values using 'HasColumnType()'. |url: |action: 

2020-11-22 17:16:37.2519|30000|WARN|Microsoft.EntityFrameworkCore.Model.Validation|No type was specified for the decimal column 'Quantity' on entity type 'DrugStore'. This will cause values to be silently truncated if they do not fit in the default precision and scale. Explicitly specify the SQL server column type that can accommodate all the values using 'HasColumnType()'. |url: |action: 

2020-11-22 17:16:37.3220|30000|WARN|Microsoft.EntityFrameworkCore.Model.Validation|No type was specified for the decimal column 'ItemPrice' on entity type 'InvoiceItem'. This will cause values to be silently truncated if they do not fit in the default precision and scale. Explicitly specify the SQL server column type that can accommodate all the values using 'HasColumnType()'. |url: |action: 

2020-11-22 17:16:37.3220|30000|WARN|Microsoft.EntityFrameworkCore.Model.Validation|No type was specified for the decimal column 'Quantity' on entity type 'InvoiceItem'. This will cause values to be silently truncated if they do not fit in the default precision and scale. Explicitly specify the SQL server column type that can accommodate all the values using 'HasColumnType()'. |url: |action: 

2020-11-22 17:16:37.3220|30000|WARN|Microsoft.EntityFrameworkCore.Model.Validation|No type was specified for the decimal column 'AmountPaid' on entity type 'Receipt'. This will cause values to be silently truncated if they do not fit in the default precision and scale. Explicitly specify the SQL server column type that can accommodate all the values using 'HasColumnType()'. |url: |action: 

2020-11-22 20:02:58.5902|30000|WARN|Microsoft.EntityFrameworkCore.Model.Validation|No type was specified for the decimal column 'Quantity' on entity type 'DrugStore'. This will cause values to be silently truncated if they do not fit in the default precision and scale. Explicitly specify the SQL server column type that can accommodate all the values using 'HasColumnType()'. |url: |action: 

2020-11-22 20:02:58.6307|30000|WARN|Microsoft.EntityFrameworkCore.Model.Validation|No type was specified for the decimal column 'ItemPrice' on entity type 'InvoiceItem'. This will cause values to be silently truncated if they do not fit in the default precision and scale. Explicitly specify the SQL server column type that can accommodate all the values using 'HasColumnType()'. |url: |action: 

2020-11-22 20:02:58.6307|30000|WARN|Microsoft.EntityFrameworkCore.Model.Validation|No type was specified for the decimal column 'Quantity' on entity type 'InvoiceItem'. This will cause values to be silently truncated if they do not fit in the default precision and scale. Explicitly specify the SQL server column type that can accommodate all the values using 'HasColumnType()'. |url: |action: 

2020-11-22 20:02:58.6327|30000|WARN|Microsoft.EntityFrameworkCore.Model.Validation|No type was specified for the decimal column 'AmountPaid' on entity type 'Receipt'. This will cause values to be silently truncated if they do not fit in the default precision and scale. Explicitly specify the SQL server column type that can accommodate all the values using 'HasColumnType()'. |url: |action: 

2020-11-22 20:02:58.6327|30000|WARN|Microsoft.EntityFrameworkCore.Model.Validation|No type was specified for the decimal column 'Price' on entity type 'Service'. This will cause values to be silently truncated if they do not fit in the default precision and scale. Explicitly specify the SQL server column type that can accommodate all the values using 'HasColumnType()'. |url: |action: 

2020-11-22 20:04:21.0121||DEBUG|MedicalBillingApi.Program|init main |url: |action: 

2020-11-22 20:04:22.8742|30000|WARN|Microsoft.EntityFrameworkCore.Model.Validation|No type was specified for the decimal column 'Quantity' on entity type 'DrugStore'. This will cause values to be silently truncated if they do not fit in the default precision and scale. Explicitly specify the SQL server column type that can accommodate all the values using 'HasColumnType()'. |url: |action: 

2020-11-22 20:04:22.8901|30000|WARN|Microsoft.EntityFrameworkCore.Model.Validation|No type was specified for the decimal column 'ItemPrice' on entity type 'InvoiceItem'. This will cause values to be silently truncated if they do not fit in the default precision and scale. Explicitly specify the SQL server column type that can accommodate all the values using 'HasColumnType()'. |url: |action: 

2020-11-22 20:04:22.8901|30000|WARN|Microsoft.EntityFrameworkCore.Model.Validation|No type was specified for the decimal column 'Quantity' on entity type 'InvoiceItem'. This will cause values to be silently truncated if they do not fit in the default precision and scale. Explicitly specify the SQL server column type that can accommodate all the values using 'HasColumnType()'. |url: |action: 

2020-11-22 20:04:22.8901|30000|WARN|Microsoft.EntityFrameworkCore.Model.Validation|No type was specified for the decimal column 'AmountPaid' on entity type 'Receipt'. This will cause values to be silently truncated if they do not fit in the default precision and scale. Explicitly specify the SQL server column type that can accommodate all the values using 'HasColumnType()'. |url: |action: 

2020-11-22 20:04:22.8901|30000|WARN|Microsoft.EntityFrameworkCore.Model.Validation|No type was specified for the decimal column 'Price' on entity type 'Service'. This will cause values to be silently truncated if they do not fit in the default precision and scale. Explicitly specify the SQL server column type that can accommodate all the values using 'HasColumnType()'. |url: |action: 

2020-11-22 20:04:38.5667||DEBUG|MedicalBillingApi.Extensions.MigrationManager|Migration applied sucessfully |url: |action: 
